<?xml version="1.0" encoding="UTF-8"?>
<!-- Generated by org.testng.reporters.JUnitXMLReporter -->
<testsuite ignored="0" hostname="DESKTOP-PALE4QF" failures="0" tests="2" name="Test2" time="10.594" errors="0" timestamp="2025-06-04T00:27:49 IST">
  <testcase classname="testScript.AdminUsersTest" name="verifyAddNewUsersSuccessfullyInNewAdminusersPage" time="0.219">
    <skipped/>
  </testcase> <!-- verifyAddNewUsersSuccessfullyInNewAdminusersPage -->
  <testcase classname="testScript.AdminUsersTest" name="verifyAddNewUsersSuccessfullyInNewAdminusersPage" time="3.737"/>
</testsuite> <!-- Test2 -->
