<?xml version="1.0" encoding="UTF-8"?>
<!-- Generated by org.testng.reporters.JUnitXMLReporter -->
<testsuite ignored="0" hostname="DESKTOP-PALE4QF" failures="0" tests="3" name="Test" time="32.123" errors="0" timestamp="2025-06-03T01:04:06 IST">
  <testcase classname="testScript.ManageNewsTest" name="manageNewsTest" time="3.868"/>
  <testcase classname="testScript.AdminUsersTest" name="adminUsersTest" time="12.866">
    <skipped/>
  </testcase> <!-- adminUsersTest -->
  <testcase classname="testScript.AdminUsersTest" name="adminUsersTest" time="2.811"/>
</testsuite> <!-- Test -->
