<?xml version="1.0" encoding="UTF-8"?>
<testng-results ignored="0" total="2" passed="2" failed="0" skipped="0">
  <reporter-output>
  </reporter-output>
  <suite started-at="2025-06-04T00:34:29 IST" name="Suite" finished-at="2025-06-04T00:34:39 IST" duration-ms="10209">
    <groups>
    </groups>
    <test started-at="2025-06-04T00:34:29 IST" name="Test" finished-at="2025-06-04T00:34:39 IST" duration-ms="10209">
      <class name="testScript.ManageNewsTest">
        <test-method is-config="true" signature="initializeBrowser(java.lang.String)[pri:0, instance:testScript.ManageNewsTest@6f15d60e]" started-at="2025-06-04T00:34:29 IST" name="initializeBrowser" finished-at="2025-06-04T00:34:32 IST" duration-ms="3037" status="PASS">
          <params>
            <param index="0">
              <value>
                <![CDATA[chrome]]>
              </value>
            </param>
          </params>
          <reporter-output>
          </reporter-output>
        </test-method> <!-- initializeBrowser -->
        <test-method signature="verifyUserCanAddNewNewsSuccessfullyInManageNewsPage()[pri:0, instance:testScript.ManageNewsTest@6f15d60e]" started-at="2025-06-04T00:34:32 IST" name="verifyUserCanAddNewNewsSuccessfullyInManageNewsPage" description="Verifying whether user can Add new News in Manage News section" finished-at="2025-06-04T00:34:34 IST" duration-ms="2501" status="PASS">
          <reporter-output>
          </reporter-output>
        </test-method> <!-- verifyUserCanAddNewNewsSuccessfullyInManageNewsPage -->
        <test-method is-config="true" signature="driverQuitAndClose(org.testng.ITestResult)[pri:0, instance:testScript.ManageNewsTest@6f15d60e]" started-at="2025-06-04T00:34:34 IST" name="driverQuitAndClose" finished-at="2025-06-04T00:34:34 IST" duration-ms="2" status="PASS">
          <params>
            <param index="0">
              <value>
                <![CDATA[[TestResult name=verifyUserCanAddNewNewsSuccessfullyInManageNewsPage status=SUCCESS method=ManageNewsTest.verifyUserCanAddNewNewsSuccessfullyInManageNewsPage()[pri:0, instance:testScript.ManageNewsTest@6f15d60e] output={null}]]]>
              </value>
            </param>
          </params>
          <reporter-output>
          </reporter-output>
        </test-method> <!-- driverQuitAndClose -->
      </class> <!-- testScript.ManageNewsTest -->
      <class name="testScript.AdminUsersTest">
        <test-method is-config="true" signature="initializeBrowser(java.lang.String)[pri:0, instance:testScript.AdminUsersTest@f68f0dc]" started-at="2025-06-04T00:34:34 IST" name="initializeBrowser" finished-at="2025-06-04T00:34:36 IST" duration-ms="1969" status="PASS">
          <params>
            <param index="0">
              <value>
                <![CDATA[chrome]]>
              </value>
            </param>
          </params>
          <reporter-output>
          </reporter-output>
        </test-method> <!-- initializeBrowser -->
        <test-method signature="verifyAddNewUsersSuccessfullyInNewAdminusersPage()[pri:0, instance:testScript.AdminUsersTest@f68f0dc]" started-at="2025-06-04T00:34:36 IST" name="verifyAddNewUsersSuccessfullyInNewAdminusersPage" description="Verifying Admin user can add new user Successfully on the Admin Users Page" finished-at="2025-06-04T00:34:39 IST" duration-ms="2646" status="PASS">
          <reporter-output>
          </reporter-output>
        </test-method> <!-- verifyAddNewUsersSuccessfullyInNewAdminusersPage -->
        <test-method is-config="true" signature="driverQuitAndClose(org.testng.ITestResult)[pri:0, instance:testScript.AdminUsersTest@f68f0dc]" started-at="2025-06-04T00:34:39 IST" name="driverQuitAndClose" finished-at="2025-06-04T00:34:39 IST" duration-ms="0" status="PASS">
          <params>
            <param index="0">
              <value>
                <![CDATA[[TestResult name=verifyAddNewUsersSuccessfullyInNewAdminusersPage status=SUCCESS method=AdminUsersTest.verifyAddNewUsersSuccessfullyInNewAdminusersPage()[pri:0, instance:testScript.AdminUsersTest@f68f0dc] output={null}]]]>
              </value>
            </param>
          </params>
          <reporter-output>
          </reporter-output>
        </test-method> <!-- driverQuitAndClose -->
      </class> <!-- testScript.AdminUsersTest -->
    </test> <!-- Test -->
  </suite> <!-- Suite -->
</testng-results>
