<?xml version="1.0" encoding="UTF-8"?>
<!-- Generated by org.testng.reporters.JUnitXMLReporter -->
<testsuite ignored="3" hostname="DESKTOP-PALE4QF" failures="0" tests="1" name="ChromeTest" time="4.075" errors="0" timestamp="2025-06-04T00:26:26 IST">
  <testcase classname="testScript.LoginTest" name="verifyTheUserIsAbleToLoginUsingValidCreadentials" time="1.385"/>
  <testcase classname="testScript.LoginTest" name="verifyTheUserIsUnableToLoginWithValidUsernameAndInvalidPassword" time="0.0">
    <ignored/>
  </testcase> <!-- verifyTheUserIsUnableToLoginWithValidUsernameAndInvalidPassword -->
  <testcase classname="testScript.LoginTest" name="verifyTheUserIsUnableToLoginWithInvalidUsernameAndValidPassword" time="0.0">
    <ignored/>
  </testcase> <!-- verifyTheUserIsUnableToLoginWithInvalidUsernameAndValidPassword -->
  <testcase classname="testScript.LoginTest" name="verifyTheUserIsUnableToLoginWithInvalidUsernameAndInvalidPassword" time="0.0">
    <ignored/>
  </testcase> <!-- verifyTheUserIsUnableToLoginWithInvalidUsernameAndInvalidPassword -->
</testsuite> <!-- ChromeTest -->
