<?xml version="1.0" encoding="UTF-8"?>
<!-- Generated by org.testng.reporters.JUnitXMLReporter -->
<testsuite ignored="0" hostname="DESKTOP-PALE4QF" failures="0" tests="2" name="Test" time="10.209" errors="0" timestamp="2025-06-04T00:34:39 IST">
  <testcase classname="testScript.ManageNewsTest" name="verifyUserCanAddNewNewsSuccessfullyInManageNewsPage" time="2.501"/>
  <testcase classname="testScript.AdminUsersTest" name="verifyAddNewUsersSuccessfullyInNewAdminusersPage" time="2.646"/>
</testsuite> <!-- Test -->
