<?xml version="1.0" encoding="UTF-8"?>
<!-- Generated by org.testng.reporters.JUnitXMLReporter -->
<testsuite ignored="0" hostname="DESKTOP-PALE4QF" failures="1" tests="4" name="Test" time="23.993" errors="0" timestamp="2025-06-04T00:28:55 IST">
  <testcase classname="testScript.AdminUsersTest" name="verifyAddNewUsersSuccessfullyInNewAdminusersPage" time="0.914">
    <skipped/>
  </testcase> <!-- verifyAddNewUsersSuccessfullyInNewAdminusersPage -->
  <testcase classname="testScript.ManageNewsTest" name="verifyUserCanAddNewNewsSuccessfullyInManageNewsPage" time="0.481">
    <failure type="org.apache.poi.openxml4j.exceptions.NotOfficeXmlFileException" message="No valid entries or contents found, this is not a valid OOXML (Office Open XML) file">
      <![CDATA[org.apache.poi.openxml4j.exceptions.NotOfficeXmlFileException: No valid entries or contents found, this is not a valid OOXML (Office Open XML) file
at org.apache.poi.openxml4j.util.ZipArchiveThresholdInputStream.getNextEntry(ZipArchiveThresholdInputStream.java:156)
at org.apache.poi.openxml4j.util.ZipInputStreamZipEntrySource.<init>(ZipInputStreamZipEntrySource.java:94)
at org.apache.poi.openxml4j.opc.ZipPackage.<init>(ZipPackage.java:132)
at org.apache.poi.openxml4j.opc.OPCPackage.open(OPCPackage.java:319)
at org.apache.poi.ooxml.util.PackageHelper.open(PackageHelper.java:59)
at org.apache.poi.xssf.usermodel.XSSFWorkbook.<init>(XSSFWorkbook.java:290)
at org.apache.poi.xssf.usermodel.XSSFWorkbook.<init>(XSSFWorkbook.java:286)
at utilities.ExcelUtilities.getStringData(ExcelUtilities.java:25)
at testScript.ManageNewsTest.verifyUserCanAddNewNewsSuccessfullyInManageNewsPage(ManageNewsTest.java:23)
at java.base/java.util.concurrent.ThreadPoolExecutor.runWorker(ThreadPoolExecutor.java:1144)
at java.base/java.util.concurrent.ThreadPoolExecutor$Worker.run(ThreadPoolExecutor.java:642)
at java.base/java.lang.Thread.run(Thread.java:1583)
Caused by: java.util.zip.ZipException: Unexpected record signature: 0X8C94484F
at org.apache.commons.compress.archivers.zip.ZipArchiveInputStream.getNextZipEntry(ZipArchiveInputStream.java:296)
at org.apache.poi.openxml4j.util.ZipArchiveThresholdInputStream.getNextEntry(ZipArchiveThresholdInputStream.java:152)
... 21 more
... Removed 10 stack frames]]>
    </failure>
  </testcase> <!-- verifyUserCanAddNewNewsSuccessfullyInManageNewsPage -->
  <testcase classname="testScript.AdminUsersTest" name="verifyAddNewUsersSuccessfullyInNewAdminusersPage" time="12.066">
    <skipped/>
  </testcase> <!-- verifyAddNewUsersSuccessfullyInNewAdminusersPage -->
  <testcase classname="testScript.AdminUsersTest" name="verifyAddNewUsersSuccessfullyInNewAdminusersPage" time="2.27"/>
</testsuite> <!-- Test -->
